<?xml version="1.0" encoding="UTF-8"?>
<!-- Generated by org.testng.reporters.JUnitReportReporter -->
<testsuite hostname="SANDIWAS01" failures="0" tests="3" name="testCases.TC_002_LoginTest" time="9.730" errors="0" timestamp="2025-03-08T21:48:56 IST" skipped="0">
  <testcase classname="testCases.TC_002_LoginTest" name="verify_Login" time="2.751"/>
  <testcase classname="testCases.TC_002_LoginTest" name="verify_Login" time="3.370"/>
  <testcase classname="testCases.TC_002_LoginTest" name="verify_Login" time="3.609"/>
</testsuite> <!-- testCases.TC_002_LoginTest -->
