<?xml version="1.0" encoding="UTF-8"?>
<!-- Generated by org.testng.reporters.JUnitReportReporter -->
<testsuite hostname="SANDIWAS01" failures="0" tests="1" name="testCases.TC_001_AccountRegistrationTest" time="6.629" errors="0" timestamp="2025-03-08T20:08:23 IST" skipped="0">
  <testcase classname="testCases.TC_001_AccountRegistrationTest" name="verify_account_Registration" time="6.629"/>
</testsuite> <!-- testCases.TC_001_AccountRegistrationTest -->
