<?xml version="1.0" encoding="UTF-8"?>
<!-- Generated by org.testng.reporters.JUnitReportReporter -->
<testsuite hostname="SANDIWAS01" failures="0" tests="5" name="testCases.TC_002_LoginDDT" time="52.192" errors="0" timestamp="2025-03-07T04:36:33 IST" skipped="0">
  <testcase classname="testCases.TC_002_LoginDDT" name="verify_Login" time="17.625"/>
  <testcase classname="testCases.TC_002_LoginDDT" name="verify_Login" time="9.418"/>
  <testcase classname="testCases.TC_002_LoginDDT" name="verify_Login" time="8.220"/>
  <testcase classname="testCases.TC_002_LoginDDT" name="verify_Login" time="8.653"/>
  <testcase classname="testCases.TC_002_LoginDDT" name="verify_Login" time="8.276"/>
</testsuite> <!-- testCases.TC_002_LoginDDT -->
